<?xml version="1.0" encoding="UTF-8" ?>
<testsuite failures="1" time="49.364" errors="0" skipped="1" tests="2" name="org.ak.test.selenium.SeleniumWebTest">
  <properties>
[...]
</properties>
  <testcase time="49.363" classname="org.ak.test.selenium.SeleniumWebTest" name="startSelenium">
    <failure message="Could not start Selenium session: Failed to start new browser session: Error while launching browser" type="java.lang.RuntimeException">java.lang.RuntimeException: Could not start Selenium session: Failed to start new browser session: Error while launching browser
	at com.thoughtworks.selenium.DefaultSelenium.start(DefaultSelenium.java:89)
	at org.ak.test.selenium.SeleniumWebTest.startSelenium(SeleniumWebTest.java:20)
Caused by: com.thoughtworks.selenium.SeleniumException: Failed to start new browser session: Error while launching browser
	at com.thoughtworks.selenium.HttpCommandProcessor.throwAssertionFailureExceptionOrError(HttpCommandProcessor.java:97)
	at com.thoughtworks.selenium.HttpCommandProcessor.doCommand(HttpCommandProcessor.java:91)
	at com.thoughtworks.selenium.HttpCommandProcessor.getString(HttpCommandProcessor.java:262)
	at com.thoughtworks.selenium.HttpCommandProcessor.start(HttpCommandProcessor.java:223)
	at com.thoughtworks.selenium.DefaultSelenium.start(DefaultSelenium.java:81)
	... 34 more
</failure>
    <system-out>Configuring TestNG with: org.apache.maven.surefire.testng.conf.TestNG652Configurator@648f53c8
</system-out>
  </testcase>
  <testcase time="0.001" classname="org.ak.test.selenium.SeleniumWebTest" name="testTwitter">
    <skipped/>
  </testcase>
</testsuite>